Using pre-set license
Built from '2020.3/staging' branch; Version is '2020.3.11f1 (99c7afb366b3) revision 10078127'; Using compiler version '192528614'; Build Type 'Release'
OS: 'Windows 10 Pro; OS build 19043.1415; Version 2009; 64bit' Language: 'ru' Physical Memory: 8023 MB
BatchMode: 1, IsHumanControllingUs: 0, StartBugReporterOnCrash: 0, Is64bit: 1, IsPro: 0

 COMMAND LINE ARGUMENTS:
C:\myUnity\2020.3.11f1\Editor\Unity.exe
-adb2
-batchMode
-noUpm
-name
AssetImportWorker0
-projectPath
C:/git/TentaclesRun/Tentacles
-logFile
Logs/AssetImportWorker0.log
-srvPort
58973
Successfully changed project path to: C:/git/TentaclesRun/Tentacles
C:/git/TentaclesRun/Tentacles
Using Asset Import Pipeline V2.
Refreshing native plugins compatible for Editor in 37.09 ms, found 3 plugins.
Preloading 0 native plugins for Editor in 0.00 ms.
Initialize engine version: 2020.3.11f1 (99c7afb366b3)
[Subsystems] Discovering subsystems at path C:/myUnity/2020.3.11f1/Editor/Data/Resources/UnitySubsystems
[Subsystems] Discovering subsystems at path C:/git/TentaclesRun/Tentacles/Assets
GfxDevice: creating device client; threaded=0
Direct3D:
    Version:  Direct3D 11.0 [level 11.1]
    Renderer: NVIDIA GeForce GTX 1650 Ti (ID=0x1f95)
    Vendor:   
    VRAM:     3962 MB
    Driver:   30.0.14.9649
Initialize mono
Mono path[0] = 'C:/myUnity/2020.3.11f1/Editor/Data/Managed'
Mono path[1] = 'C:/myUnity/2020.3.11f1/Editor/Data/MonoBleedingEdge/lib/mono/unityjit'
Mono config path = 'C:/myUnity/2020.3.11f1/Editor/Data/MonoBleedingEdge/etc'
Using monoOptions --debugger-agent=transport=dt_socket,embedding=1,server=y,suspend=n,address=127.0.0.1:56792
Begin MonoManager ReloadAssembly
Registering precompiled unity dll's ...
Register platform support module: C:/myUnity/2020.3.11f1/Editor/Data/PlaybackEngines/WindowsStandaloneSupport/UnityEditor.WindowsStandalone.Extensions.dll
Registered in 0.001529 seconds.
Native extension for WindowsStandalone target not found
Refreshing native plugins compatible for Editor in 32.61 ms, found 3 plugins.
Preloading 0 native plugins for Editor in 0.00 ms.
Mono: successfully reloaded assembly
- Completed reload, in  3.836 seconds
Platform modules already initialized, skipping
Registering precompiled user dll's ...
Registered in 0.005183 seconds.
Begin MonoManager ReloadAssembly
Native extension for WindowsStandalone target not found
Refreshing native plugins compatible for Editor in 33.21 ms, found 3 plugins.
Preloading 0 native plugins for Editor in 0.00 ms.
Mono: successfully reloaded assembly
- Completed reload, in  1.010 seconds
Platform modules already initialized, skipping
========================================================================
Worker process is ready to serve import requests
Launched and connected shader compiler UnityShaderCompiler.exe after 0.04 seconds
Refreshing native plugins compatible for Editor in 0.43 ms, found 3 plugins.
Preloading 0 native plugins for Editor in 0.00 ms.
Unloading 2089 Unused Serialized files (Serialized files now loaded: 0)
System memory in use before: 93.1 MB.
System memory in use after: 93.0 MB.

Unloading 33 unused Assets to reduce memory usage. Loaded Objects now: 2523.
Total: 3.127900 ms (FindLiveObjects: 0.476100 ms CreateObjectMapping: 0.103200 ms MarkObjects: 2.352700 ms  DeleteObjects: 0.193700 ms)

========================================================================
Received Import Request.
  path: Assets/Sprites/pops.png
  artifactKey: Guid(199fe04c6a5858048b493d2edb7683c9) Importer(815301076,1909f56bfc062723c751e8b465ee728b)
Start importing Assets/Sprites/pops.png using Guid(199fe04c6a5858048b493d2edb7683c9) Importer(815301076,1909f56bfc062723c751e8b465ee728b)  -> (artifact id: 'd5c4c6af7130c8e3aff198c047bfaca6') in 0.155481 seconds
  Import took 0.158972 seconds .

========================================================================
Received Import Request.
  Time since last request: 0.000511 seconds.
  path: Assets/Sprites/4 tentaklua.png
  artifactKey: Guid(ae948db402ed5a94e9213964fa172a6d) Importer(815301076,1909f56bfc062723c751e8b465ee728b)
Start importing Assets/Sprites/4 tentaklua.png using Guid(ae948db402ed5a94e9213964fa172a6d) Importer(815301076,1909f56bfc062723c751e8b465ee728b)  -> (artifact id: 'ef3a54da61683addf19b7229ae17ef77') in 0.015660 seconds
  Import took 0.020188 seconds .

========================================================================
Received Import Request.
  Time since last request: 0.000258 seconds.
  path: Assets/Sprites/headOctopus.png
  artifactKey: Guid(fc6dfeffe9e30b542b5d10a99b0f7bcc) Importer(815301076,1909f56bfc062723c751e8b465ee728b)
Start importing Assets/Sprites/headOctopus.png using Guid(fc6dfeffe9e30b542b5d10a99b0f7bcc) Importer(815301076,1909f56bfc062723c751e8b465ee728b)  -> (artifact id: '7cb4beba0215e77dbd576a040e97c834') in 0.021429 seconds
  Import took 0.025158 seconds .

========================================================================
Received Import Request.
  Time since last request: 0.000294 seconds.
  path: Assets/Sprites/1 tentaklua.png
  artifactKey: Guid(89fdd866f15f55247a4e065a785d3774) Importer(815301076,1909f56bfc062723c751e8b465ee728b)
Start importing Assets/Sprites/1 tentaklua.png using Guid(89fdd866f15f55247a4e065a785d3774) Importer(815301076,1909f56bfc062723c751e8b465ee728b)  -> (artifact id: '7822bdae9bd1d32865a73ea123d0c066') in 0.039822 seconds
  Import took 0.042869 seconds .

========================================================================
Received Import Request.
  Time since last request: 0.000202 seconds.
  path: Assets/Sprites/3 tentaklua.png
  artifactKey: Guid(936bb8d692c57514abcc9cf485e57b60) Importer(815301076,1909f56bfc062723c751e8b465ee728b)
Start importing Assets/Sprites/3 tentaklua.png using Guid(936bb8d692c57514abcc9cf485e57b60) Importer(815301076,1909f56bfc062723c751e8b465ee728b)  -> (artifact id: '0ddc1d77dbf73361982f5518c174cabe') in 0.009929 seconds
  Import took 0.012976 seconds .

========================================================================
Received Import Request.
  Time since last request: 0.000192 seconds.
  path: Assets/Sprites/6 tentaklua.png
  artifactKey: Guid(78d52da75e2d41748abc4eaf7ac22c40) Importer(815301076,1909f56bfc062723c751e8b465ee728b)
Start importing Assets/Sprites/6 tentaklua.png using Guid(78d52da75e2d41748abc4eaf7ac22c40) Importer(815301076,1909f56bfc062723c751e8b465ee728b)  -> (artifact id: '7b413d3397429919b54fa5024a6a0aca') in 0.009835 seconds
  Import took 0.012713 seconds .

========================================================================
Received Import Request.
  Time since last request: 0.000162 seconds.
  path: Assets/Sprites/plane.png
  artifactKey: Guid(d0ca10a438ab05448979208faba095c6) Importer(815301076,1909f56bfc062723c751e8b465ee728b)
Start importing Assets/Sprites/plane.png using Guid(d0ca10a438ab05448979208faba095c6) Importer(815301076,1909f56bfc062723c751e8b465ee728b)  -> (artifact id: 'd6fa3cd42dd39aaf68edc012aa2f9476') in 0.017057 seconds
  Import took 0.020707 seconds .

========================================================================
Received Import Request.
  Time since last request: 0.000149 seconds.
  path: Assets/Animation
  artifactKey: Guid(f3ca3498f51847a408b9973b58aacc93) Importer(815301076,1909f56bfc062723c751e8b465ee728b)
Start importing Assets/Animation using Guid(f3ca3498f51847a408b9973b58aacc93) Importer(815301076,1909f56bfc062723c751e8b465ee728b)  -> (artifact id: 'a0499215e1a90feda88c6f034ff6ec9d') in 0.005642 seconds
  Import took 0.008311 seconds .

========================================================================
Received Import Request.
  Time since last request: 0.000167 seconds.
  path: Assets/Sprites/5 tentaklua.png
  artifactKey: Guid(858be07c9e728ed4989ce8b8d2b79cf4) Importer(815301076,1909f56bfc062723c751e8b465ee728b)
Start importing Assets/Sprites/5 tentaklua.png using Guid(858be07c9e728ed4989ce8b8d2b79cf4) Importer(815301076,1909f56bfc062723c751e8b465ee728b)  -> (artifact id: 'b67754a1bb99750da66b95b5a387f09f') in 0.010131 seconds
  Import took 0.012992 seconds .

========================================================================
Received Import Request.
  Time since last request: 0.000178 seconds.
  path: Assets/Sprites/2 tentaklua.png
  artifactKey: Guid(c73bcc588ffd8f84db573ed846ddd83f) Importer(815301076,1909f56bfc062723c751e8b465ee728b)
Start importing Assets/Sprites/2 tentaklua.png using Guid(c73bcc588ffd8f84db573ed846ddd83f) Importer(815301076,1909f56bfc062723c751e8b465ee728b)  -> (artifact id: 'fbe11ddf4214b1177c40a24c8c1db9e0') in 0.011257 seconds
  Import took 0.014108 seconds .

========================================================================
Received Import Request.
  Time since last request: 2154.464719 seconds.
  path: Assets/Sprites/pops.png
  artifactKey: Guid(199fe04c6a5858048b493d2edb7683c9) Importer(815301076,1909f56bfc062723c751e8b465ee728b)
Start importing Assets/Sprites/pops.png using Guid(199fe04c6a5858048b493d2edb7683c9) Importer(815301076,1909f56bfc062723c751e8b465ee728b)  -> (artifact id: '29eb196b1aed5694c4a7b4b02bc94490') in 0.013123 seconds
  Import took 0.019412 seconds .

========================================================================
Received Import Request.
  Time since last request: 47.903454 seconds.
  path: Assets/Animation/headOctopus_4.controller
  artifactKey: Guid(2cc305627d29d0b418ab8fe4e5ffa7d6) Importer(815301076,1909f56bfc062723c751e8b465ee728b)
Start importing Assets/Animation/headOctopus_4.controller using Guid(2cc305627d29d0b418ab8fe4e5ffa7d6) Importer(815301076,1909f56bfc062723c751e8b465ee728b)  -> (artifact id: 'baeccecdcd81a743ee9a1041f0d42b66') in 0.018236 seconds
  Import took 0.022509 seconds .

========================================================================
Received Prepare
Registering precompiled user dll's ...
Registered in 0.003432 seconds.
Begin MonoManager ReloadAssembly
Native extension for WindowsStandalone target not found
Refreshing native plugins compatible for Editor in 0.41 ms, found 3 plugins.
Preloading 0 native plugins for Editor in 0.00 ms.
Mono: successfully reloaded assembly
- Completed reload, in  1.069 seconds
Platform modules already initialized, skipping
Refreshing native plugins compatible for Editor in 0.42 ms, found 3 plugins.
Preloading 0 native plugins for Editor in 0.00 ms.
Unloading 2085 Unused Serialized files (Serialized files now loaded: 0)
System memory in use before: 96.0 MB.
System memory in use after: 96.0 MB.

Unloading 21 unused Assets to reduce memory usage. Loaded Objects now: 2549.
Total: 2.273600 ms (FindLiveObjects: 0.195000 ms CreateObjectMapping: 0.066900 ms MarkObjects: 1.925200 ms  DeleteObjects: 0.085500 ms)

========================================================================
Received Import Request.
  Time since last request: 133.636802 seconds.
  path: Assets/Scripts/Game/NewBehaviourScript.cs
  artifactKey: Guid(b62b05f2a9fafa94186e7ea25efb8fbe) Importer(815301076,1909f56bfc062723c751e8b465ee728b)
Start importing Assets/Scripts/Game/NewBehaviourScript.cs using Guid(b62b05f2a9fafa94186e7ea25efb8fbe) Importer(815301076,1909f56bfc062723c751e8b465ee728b)  -> (artifact id: '96314b7c66252b3001226d81484d6d89') in 0.014077 seconds
  Import took 0.016873 seconds .

========================================================================
Received Import Request.
  Time since last request: 40.786279 seconds.
  path: Assets/Scripts/Game/Cthulhu.cs
  artifactKey: Guid(f5ac149175b5a554cb084dc9fc3a96cb) Importer(815301076,1909f56bfc062723c751e8b465ee728b)
Start importing Assets/Scripts/Game/Cthulhu.cs using Guid(f5ac149175b5a554cb084dc9fc3a96cb) Importer(815301076,1909f56bfc062723c751e8b465ee728b)  -> (artifact id: '2fb5bd70c01599914f5dc1b522fcc07b') in 0.010661 seconds
  Import took 0.015740 seconds .

========================================================================
Received Prepare
Registering precompiled user dll's ...
Registered in 0.009619 seconds.
Begin MonoManager ReloadAssembly
Native extension for WindowsStandalone target not found
Refreshing native plugins compatible for Editor in 0.49 ms, found 3 plugins.
Preloading 0 native plugins for Editor in 0.00 ms.
Mono: successfully reloaded assembly
- Completed reload, in  1.115 seconds
Platform modules already initialized, skipping
Refreshing native plugins compatible for Editor in 0.44 ms, found 3 plugins.
Preloading 0 native plugins for Editor in 0.00 ms.
Unloading 2085 Unused Serialized files (Serialized files now loaded: 0)
System memory in use before: 96.1 MB.
System memory in use after: 96.0 MB.

Unloading 22 unused Assets to reduce memory usage. Loaded Objects now: 2553.
Total: 6.706400 ms (FindLiveObjects: 0.667400 ms CreateObjectMapping: 0.127100 ms MarkObjects: 5.294000 ms  DeleteObjects: 0.615600 ms)

========================================================================
Received Prepare
Registering precompiled user dll's ...
Registered in 0.006674 seconds.
Begin MonoManager ReloadAssembly
Native extension for WindowsStandalone target not found
Refreshing native plugins compatible for Editor in 0.40 ms, found 3 plugins.
Preloading 0 native plugins for Editor in 0.00 ms.
Mono: successfully reloaded assembly
- Completed reload, in  0.901 seconds
Platform modules already initialized, skipping
Refreshing native plugins compatible for Editor in 0.52 ms, found 3 plugins.
Preloading 0 native plugins for Editor in 0.00 ms.
Unloading 2085 Unused Serialized files (Serialized files now loaded: 0)
System memory in use before: 96.1 MB.
System memory in use after: 96.1 MB.

Unloading 21 unused Assets to reduce memory usage. Loaded Objects now: 2557.
Total: 2.533300 ms (FindLiveObjects: 0.441000 ms CreateObjectMapping: 0.087600 ms MarkObjects: 1.681900 ms  DeleteObjects: 0.321900 ms)

========================================================================
Received Prepare
Registering precompiled user dll's ...
Registered in 0.005718 seconds.
Begin MonoManager ReloadAssembly
Native extension for WindowsStandalone target not found
Refreshing native plugins compatible for Editor in 0.82 ms, found 3 plugins.
Preloading 0 native plugins for Editor in 0.00 ms.
Mono: successfully reloaded assembly
- Completed reload, in  0.917 seconds
Platform modules already initialized, skipping
Refreshing native plugins compatible for Editor in 0.43 ms, found 3 plugins.
Preloading 0 native plugins for Editor in 0.00 ms.
Unloading 2085 Unused Serialized files (Serialized files now loaded: 0)
System memory in use before: 96.1 MB.
System memory in use after: 96.1 MB.

Unloading 21 unused Assets to reduce memory usage. Loaded Objects now: 2561.
Total: 2.194700 ms (FindLiveObjects: 0.252600 ms CreateObjectMapping: 0.070500 ms MarkObjects: 1.544800 ms  DeleteObjects: 0.325800 ms)

========================================================================
Received Prepare
Registering precompiled user dll's ...
Registered in 0.003975 seconds.
Begin MonoManager ReloadAssembly
Native extension for WindowsStandalone target not found
Refreshing native plugins compatible for Editor in 0.46 ms, found 3 plugins.
Preloading 0 native plugins for Editor in 0.00 ms.
Mono: successfully reloaded assembly
- Completed reload, in  1.021 seconds
Platform modules already initialized, skipping
Refreshing native plugins compatible for Editor in 0.42 ms, found 3 plugins.
Preloading 0 native plugins for Editor in 0.00 ms.
Unloading 2085 Unused Serialized files (Serialized files now loaded: 0)
System memory in use before: 96.1 MB.
System memory in use after: 96.1 MB.

Unloading 21 unused Assets to reduce memory usage. Loaded Objects now: 2565.
Total: 1.909200 ms (FindLiveObjects: 0.185700 ms CreateObjectMapping: 0.088200 ms MarkObjects: 1.552800 ms  DeleteObjects: 0.081900 ms)

========================================================================
Received Prepare
Registering precompiled user dll's ...
Registered in 0.003482 seconds.
Begin MonoManager ReloadAssembly
Native extension for WindowsStandalone target not found
Refreshing native plugins compatible for Editor in 0.41 ms, found 3 plugins.
Preloading 0 native plugins for Editor in 0.00 ms.
Mono: successfully reloaded assembly
- Completed reload, in  0.953 seconds
Platform modules already initialized, skipping
Refreshing native plugins compatible for Editor in 0.47 ms, found 3 plugins.
Preloading 0 native plugins for Editor in 0.00 ms.
Unloading 2085 Unused Serialized files (Serialized files now loaded: 0)
System memory in use before: 96.1 MB.
System memory in use after: 96.1 MB.

Unloading 21 unused Assets to reduce memory usage. Loaded Objects now: 2569.
Total: 1.950000 ms (FindLiveObjects: 0.188300 ms CreateObjectMapping: 0.073700 ms MarkObjects: 1.555200 ms  DeleteObjects: 0.132000 ms)

========================================================================
Received Prepare
Registering precompiled user dll's ...
Registered in 0.003477 seconds.
Begin MonoManager ReloadAssembly
Native extension for WindowsStandalone target not found
Refreshing native plugins compatible for Editor in 0.77 ms, found 3 plugins.
Preloading 0 native plugins for Editor in 0.00 ms.
Mono: successfully reloaded assembly
- Completed reload, in  1.128 seconds
Platform modules already initialized, skipping
Refreshing native plugins compatible for Editor in 0.42 ms, found 3 plugins.
Preloading 0 native plugins for Editor in 0.00 ms.
Unloading 2085 Unused Serialized files (Serialized files now loaded: 0)
System memory in use before: 96.1 MB.
System memory in use after: 96.1 MB.

Unloading 21 unused Assets to reduce memory usage. Loaded Objects now: 2573.
Total: 2.090200 ms (FindLiveObjects: 0.213700 ms CreateObjectMapping: 0.078300 ms MarkObjects: 1.700300 ms  DeleteObjects: 0.096700 ms)

========================================================================
Received Prepare
Registering precompiled user dll's ...
Registered in 0.004933 seconds.
Begin MonoManager ReloadAssembly
Native extension for WindowsStandalone target not found
Refreshing native plugins compatible for Editor in 1.96 ms, found 3 plugins.
Preloading 0 native plugins for Editor in 0.00 ms.
Mono: successfully reloaded assembly
- Completed reload, in  1.308 seconds
Platform modules already initialized, skipping
Refreshing native plugins compatible for Editor in 0.41 ms, found 3 plugins.
Preloading 0 native plugins for Editor in 0.00 ms.
Unloading 2085 Unused Serialized files (Serialized files now loaded: 0)
System memory in use before: 96.1 MB.
System memory in use after: 96.1 MB.

Unloading 21 unused Assets to reduce memory usage. Loaded Objects now: 2577.
Total: 2.349200 ms (FindLiveObjects: 0.209700 ms CreateObjectMapping: 0.065700 ms MarkObjects: 1.954300 ms  DeleteObjects: 0.118800 ms)

========================================================================
Received Prepare
Registering precompiled user dll's ...
Registered in 0.003775 seconds.
Begin MonoManager ReloadAssembly
Native extension for WindowsStandalone target not found
Refreshing native plugins compatible for Editor in 0.42 ms, found 3 plugins.
Preloading 0 native plugins for Editor in 0.00 ms.
Mono: successfully reloaded assembly
- Completed reload, in  0.924 seconds
Platform modules already initialized, skipping
Refreshing native plugins compatible for Editor in 0.67 ms, found 3 plugins.
Preloading 0 native plugins for Editor in 0.00 ms.
Unloading 2085 Unused Serialized files (Serialized files now loaded: 0)
System memory in use before: 96.1 MB.
System memory in use after: 96.1 MB.

Unloading 21 unused Assets to reduce memory usage. Loaded Objects now: 2581.
Total: 2.461300 ms (FindLiveObjects: 0.198200 ms CreateObjectMapping: 0.074000 ms MarkObjects: 2.050500 ms  DeleteObjects: 0.137900 ms)

========================================================================
Received Prepare
Registering precompiled user dll's ...
Registered in 0.003772 seconds.
Begin MonoManager ReloadAssembly
Native extension for WindowsStandalone target not found
Refreshing native plugins compatible for Editor in 0.43 ms, found 3 plugins.
Preloading 0 native plugins for Editor in 0.00 ms.
Mono: successfully reloaded assembly
- Completed reload, in  0.960 seconds
Platform modules already initialized, skipping
Refreshing native plugins compatible for Editor in 0.71 ms, found 3 plugins.
Preloading 0 native plugins for Editor in 0.00 ms.
Unloading 2085 Unused Serialized files (Serialized files now loaded: 0)
System memory in use before: 96.2 MB.
System memory in use after: 96.1 MB.

Unloading 21 unused Assets to reduce memory usage. Loaded Objects now: 2585.
Total: 2.509300 ms (FindLiveObjects: 0.208200 ms CreateObjectMapping: 0.075300 ms MarkObjects: 2.078800 ms  DeleteObjects: 0.145500 ms)

========================================================================
Received Prepare
Registering precompiled user dll's ...
Registered in 0.003217 seconds.
Begin MonoManager ReloadAssembly
Native extension for WindowsStandalone target not found
Refreshing native plugins compatible for Editor in 0.46 ms, found 3 plugins.
Preloading 0 native plugins for Editor in 0.00 ms.
Mono: successfully reloaded assembly
- Completed reload, in  0.899 seconds
Platform modules already initialized, skipping
Refreshing native plugins compatible for Editor in 0.42 ms, found 3 plugins.
Preloading 0 native plugins for Editor in 0.00 ms.
Unloading 2085 Unused Serialized files (Serialized files now loaded: 0)
System memory in use before: 96.2 MB.
System memory in use after: 96.1 MB.

Unloading 21 unused Assets to reduce memory usage. Loaded Objects now: 2589.
Total: 2.527100 ms (FindLiveObjects: 0.201800 ms CreateObjectMapping: 0.064500 ms MarkObjects: 2.125600 ms  DeleteObjects: 0.134500 ms)

========================================================================
Received Prepare
Registering precompiled user dll's ...
Registered in 0.003481 seconds.
Begin MonoManager ReloadAssembly
Native extension for WindowsStandalone target not found
Refreshing native plugins compatible for Editor in 0.66 ms, found 3 plugins.
Preloading 0 native plugins for Editor in 0.00 ms.
Mono: successfully reloaded assembly
- Completed reload, in  0.909 seconds
Platform modules already initialized, skipping
Refreshing native plugins compatible for Editor in 0.43 ms, found 3 plugins.
Preloading 0 native plugins for Editor in 0.00 ms.
Unloading 2085 Unused Serialized files (Serialized files now loaded: 0)
System memory in use before: 96.2 MB.
System memory in use after: 96.2 MB.

Unloading 21 unused Assets to reduce memory usage. Loaded Objects now: 2593.
Total: 2.372800 ms (FindLiveObjects: 0.202600 ms CreateObjectMapping: 0.076500 ms MarkObjects: 1.618500 ms  DeleteObjects: 0.474200 ms)

========================================================================
Received Prepare
Registering precompiled user dll's ...
Registered in 0.003117 seconds.
Begin MonoManager ReloadAssembly
Native extension for WindowsStandalone target not found
Refreshing native plugins compatible for Editor in 0.42 ms, found 3 plugins.
Preloading 0 native plugins for Editor in 0.00 ms.
Mono: successfully reloaded assembly
- Completed reload, in  1.107 seconds
Platform modules already initialized, skipping
Refreshing native plugins compatible for Editor in 0.43 ms, found 3 plugins.
Preloading 0 native plugins for Editor in 0.00 ms.
Unloading 2085 Unused Serialized files (Serialized files now loaded: 0)
System memory in use before: 96.2 MB.
System memory in use after: 96.2 MB.

Unloading 21 unused Assets to reduce memory usage. Loaded Objects now: 2597.
Total: 2.097300 ms (FindLiveObjects: 0.270500 ms CreateObjectMapping: 0.082900 ms MarkObjects: 1.607600 ms  DeleteObjects: 0.135200 ms)

========================================================================
Received Prepare
Registering precompiled user dll's ...
Registered in 0.003080 seconds.
Begin MonoManager ReloadAssembly
Native extension for WindowsStandalone target not found
Refreshing native plugins compatible for Editor in 0.56 ms, found 3 plugins.
Preloading 0 native plugins for Editor in 0.00 ms.
Mono: successfully reloaded assembly
- Completed reload, in  0.932 seconds
Platform modules already initialized, skipping
Refreshing native plugins compatible for Editor in 0.43 ms, found 3 plugins.
Preloading 0 native plugins for Editor in 0.00 ms.
Unloading 2085 Unused Serialized files (Serialized files now loaded: 0)
System memory in use before: 96.2 MB.
System memory in use after: 96.2 MB.

Unloading 21 unused Assets to reduce memory usage. Loaded Objects now: 2601.
Total: 2.429200 ms (FindLiveObjects: 0.198200 ms CreateObjectMapping: 0.073500 ms MarkObjects: 2.021800 ms  DeleteObjects: 0.134900 ms)

========================================================================
Received Prepare
Registering precompiled user dll's ...
Registered in 0.003177 seconds.
Begin MonoManager ReloadAssembly
Native extension for WindowsStandalone target not found
Refreshing native plugins compatible for Editor in 0.41 ms, found 3 plugins.
Preloading 0 native plugins for Editor in 0.00 ms.
Mono: successfully reloaded assembly
- Completed reload, in  0.878 seconds
Platform modules already initialized, skipping
Refreshing native plugins compatible for Editor in 0.43 ms, found 3 plugins.
Preloading 0 native plugins for Editor in 0.00 ms.
Unloading 2085 Unused Serialized files (Serialized files now loaded: 0)
System memory in use before: 96.2 MB.
System memory in use after: 96.2 MB.

Unloading 21 unused Assets to reduce memory usage. Loaded Objects now: 2605.
Total: 2.355900 ms (FindLiveObjects: 0.327600 ms CreateObjectMapping: 0.076100 ms MarkObjects: 1.806600 ms  DeleteObjects: 0.144000 ms)

========================================================================
Received Prepare
Registering precompiled user dll's ...
Registered in 0.003450 seconds.
Begin MonoManager ReloadAssembly
Native extension for WindowsStandalone target not found
Refreshing native plugins compatible for Editor in 0.42 ms, found 3 plugins.
Preloading 0 native plugins for Editor in 0.00 ms.
Mono: successfully reloaded assembly
- Completed reload, in  1.061 seconds
Platform modules already initialized, skipping
Refreshing native plugins compatible for Editor in 0.46 ms, found 3 plugins.
Preloading 0 native plugins for Editor in 0.00 ms.
Unloading 2085 Unused Serialized files (Serialized files now loaded: 0)
System memory in use before: 96.2 MB.
System memory in use after: 96.2 MB.

Unloading 21 unused Assets to reduce memory usage. Loaded Objects now: 2609.
Total: 2.274200 ms (FindLiveObjects: 0.218500 ms CreateObjectMapping: 0.079000 ms MarkObjects: 1.792600 ms  DeleteObjects: 0.183400 ms)

========================================================================
Received Prepare
Registering precompiled user dll's ...
Registered in 0.002994 seconds.
Begin MonoManager ReloadAssembly
Native extension for WindowsStandalone target not found
Refreshing native plugins compatible for Editor in 0.69 ms, found 3 plugins.
Preloading 0 native plugins for Editor in 0.00 ms.
Mono: successfully reloaded assembly
- Completed reload, in  0.913 seconds
Platform modules already initialized, skipping
Refreshing native plugins compatible for Editor in 0.43 ms, found 3 plugins.
Preloading 0 native plugins for Editor in 0.00 ms.
Unloading 2085 Unused Serialized files (Serialized files now loaded: 0)
System memory in use before: 96.2 MB.
System memory in use after: 96.2 MB.

Unloading 21 unused Assets to reduce memory usage. Loaded Objects now: 2613.
Total: 2.710100 ms (FindLiveObjects: 0.202100 ms CreateObjectMapping: 0.069300 ms MarkObjects: 1.945800 ms  DeleteObjects: 0.476900 ms)

========================================================================
Received Prepare
Registering precompiled user dll's ...
Registered in 0.002999 seconds.
Begin MonoManager ReloadAssembly
Native extension for WindowsStandalone target not found
Refreshing native plugins compatible for Editor in 0.42 ms, found 3 plugins.
Preloading 0 native plugins for Editor in 0.00 ms.
Mono: successfully reloaded assembly
- Completed reload, in  0.904 seconds
Platform modules already initialized, skipping
Refreshing native plugins compatible for Editor in 0.42 ms, found 3 plugins.
Preloading 0 native plugins for Editor in 0.00 ms.
Unloading 2085 Unused Serialized files (Serialized files now loaded: 0)
System memory in use before: 96.2 MB.
System memory in use after: 96.2 MB.

Unloading 21 unused Assets to reduce memory usage. Loaded Objects now: 2617.
Total: 1.927700 ms (FindLiveObjects: 0.192700 ms CreateObjectMapping: 0.066300 ms MarkObjects: 1.579500 ms  DeleteObjects: 0.088400 ms)

========================================================================
Received Import Request.
  Time since last request: 10437.447799 seconds.
  path: Assets/Scripts/Game/CthulhuControler.cs
  artifactKey: Guid(62c2587fff34b3e4d8b38fac013b4700) Importer(815301076,1909f56bfc062723c751e8b465ee728b)
Start importing Assets/Scripts/Game/CthulhuControler.cs using Guid(62c2587fff34b3e4d8b38fac013b4700) Importer(815301076,1909f56bfc062723c751e8b465ee728b)  -> (artifact id: '7375045fd8a356edbd11e3d78bde7ef4') in 0.016676 seconds
  Import took 0.021524 seconds .

========================================================================
Received Prepare
Registering precompiled user dll's ...
Registered in 0.003103 seconds.
Begin MonoManager ReloadAssembly
Native extension for WindowsStandalone target not found
Refreshing native plugins compatible for Editor in 0.55 ms, found 3 plugins.
Preloading 0 native plugins for Editor in 0.00 ms.
Mono: successfully reloaded assembly
- Completed reload, in  1.030 seconds
Platform modules already initialized, skipping
Refreshing native plugins compatible for Editor in 0.69 ms, found 3 plugins.
Preloading 0 native plugins for Editor in 0.00 ms.
Unloading 2086 Unused Serialized files (Serialized files now loaded: 0)
System memory in use before: 96.3 MB.
System memory in use after: 96.2 MB.

Unloading 21 unused Assets to reduce memory usage. Loaded Objects now: 2622.
Total: 3.268200 ms (FindLiveObjects: 0.313900 ms CreateObjectMapping: 0.081500 ms MarkObjects: 2.703100 ms  DeleteObjects: 0.167800 ms)

========================================================================
Received Prepare
Registering precompiled user dll's ...
Registered in 0.002915 seconds.
Begin MonoManager ReloadAssembly
Native extension for WindowsStandalone target not found
Refreshing native plugins compatible for Editor in 0.61 ms, found 3 plugins.
Preloading 0 native plugins for Editor in 0.00 ms.
Mono: successfully reloaded assembly
- Completed reload, in  0.917 seconds
Platform modules already initialized, skipping
Refreshing native plugins compatible for Editor in 0.43 ms, found 3 plugins.
Preloading 0 native plugins for Editor in 0.00 ms.
Unloading 2086 Unused Serialized files (Serialized files now loaded: 0)
System memory in use before: 96.3 MB.
System memory in use after: 96.2 MB.

Unloading 21 unused Assets to reduce memory usage. Loaded Objects now: 2626.
Total: 2.676400 ms (FindLiveObjects: 0.342200 ms CreateObjectMapping: 0.084400 ms MarkObjects: 2.102600 ms  DeleteObjects: 0.146400 ms)

========================================================================
Received Import Request.
  Time since last request: 50.671397 seconds.
  path: Assets/Scripts/Game/CthulhuControler.cs
  artifactKey: Guid(62c2587fff34b3e4d8b38fac013b4700) Importer(815301076,1909f56bfc062723c751e8b465ee728b)
Start importing Assets/Scripts/Game/CthulhuControler.cs using Guid(62c2587fff34b3e4d8b38fac013b4700) Importer(815301076,1909f56bfc062723c751e8b465ee728b)  -> (artifact id: 'd4d8b62f01ca403ca90a825387633e3c') in 0.005732 seconds
  Import took 0.008592 seconds .

========================================================================
Received Prepare
Registering precompiled user dll's ...
Registered in 0.004246 seconds.
Begin MonoManager ReloadAssembly
Native extension for WindowsStandalone target not found
Refreshing native plugins compatible for Editor in 0.41 ms, found 3 plugins.
Preloading 0 native plugins for Editor in 0.00 ms.
Mono: successfully reloaded assembly
- Completed reload, in  0.957 seconds
Platform modules already initialized, skipping
Refreshing native plugins compatible for Editor in 0.61 ms, found 3 plugins.
Preloading 0 native plugins for Editor in 0.00 ms.
Unloading 2086 Unused Serialized files (Serialized files now loaded: 0)
System memory in use before: 96.3 MB.
System memory in use after: 96.3 MB.

Unloading 21 unused Assets to reduce memory usage. Loaded Objects now: 2630.
Total: 1.893300 ms (FindLiveObjects: 0.184600 ms CreateObjectMapping: 0.066700 ms MarkObjects: 1.558300 ms  DeleteObjects: 0.082800 ms)

========================================================================
Received Import Request.
  Time since last request: 123.189534 seconds.
  path: Assets/Prefabs
  artifactKey: Guid(2cac240b353f505459dce08c71931bfc) Importer(815301076,1909f56bfc062723c751e8b465ee728b)
Start importing Assets/Prefabs using Guid(2cac240b353f505459dce08c71931bfc) Importer(815301076,1909f56bfc062723c751e8b465ee728b)  -> (artifact id: 'a0e06b690aeacb307d14158b2fb1cf6b') in 0.015809 seconds
  Import took 0.019227 seconds .

========================================================================
Received Prepare
Registering precompiled user dll's ...
Registered in 0.002977 seconds.
Begin MonoManager ReloadAssembly
Native extension for WindowsStandalone target not found
Refreshing native plugins compatible for Editor in 0.43 ms, found 3 plugins.
Preloading 0 native plugins for Editor in 0.00 ms.
Mono: successfully reloaded assembly
- Completed reload, in  0.901 seconds
Platform modules already initialized, skipping
Refreshing native plugins compatible for Editor in 0.43 ms, found 3 plugins.
Preloading 0 native plugins for Editor in 0.00 ms.
Unloading 2086 Unused Serialized files (Serialized files now loaded: 0)
System memory in use before: 96.3 MB.
System memory in use after: 96.3 MB.

Unloading 21 unused Assets to reduce memory usage. Loaded Objects now: 2634.
Total: 2.307500 ms (FindLiveObjects: 0.223500 ms CreateObjectMapping: 0.076800 ms MarkObjects: 1.873100 ms  DeleteObjects: 0.133400 ms)

========================================================================
Received Prepare
Registering precompiled user dll's ...
Registered in 0.003861 seconds.
Begin MonoManager ReloadAssembly
Native extension for WindowsStandalone target not found
Refreshing native plugins compatible for Editor in 0.42 ms, found 3 plugins.
Preloading 0 native plugins for Editor in 0.00 ms.
Mono: successfully reloaded assembly
- Completed reload, in  0.944 seconds
Platform modules already initialized, skipping
Refreshing native plugins compatible for Editor in 0.40 ms, found 3 plugins.
Preloading 0 native plugins for Editor in 0.00 ms.
Unloading 2086 Unused Serialized files (Serialized files now loaded: 0)
System memory in use before: 96.3 MB.
System memory in use after: 96.3 MB.

Unloading 21 unused Assets to reduce memory usage. Loaded Objects now: 2638.
Total: 2.046800 ms (FindLiveObjects: 0.208400 ms CreateObjectMapping: 0.071000 ms MarkObjects: 1.662200 ms  DeleteObjects: 0.104300 ms)

========================================================================
Received Prepare
Registering precompiled user dll's ...
Registered in 0.003241 seconds.
Begin MonoManager ReloadAssembly
Native extension for WindowsStandalone target not found
Refreshing native plugins compatible for Editor in 0.53 ms, found 3 plugins.
Preloading 0 native plugins for Editor in 0.00 ms.
Mono: successfully reloaded assembly
- Completed reload, in  1.009 seconds
Platform modules already initialized, skipping
Refreshing native plugins compatible for Editor in 0.81 ms, found 3 plugins.
Preloading 0 native plugins for Editor in 0.00 ms.
Unloading 2086 Unused Serialized files (Serialized files now loaded: 0)
System memory in use before: 96.3 MB.
System memory in use after: 96.3 MB.

Unloading 21 unused Assets to reduce memory usage. Loaded Objects now: 2642.
Total: 1.918900 ms (FindLiveObjects: 0.199500 ms CreateObjectMapping: 0.071500 ms MarkObjects: 1.558100 ms  DeleteObjects: 0.088900 ms)

========================================================================
Received Prepare
Registering precompiled user dll's ...
Registered in 0.002829 seconds.
Begin MonoManager ReloadAssembly
Native extension for WindowsStandalone target not found
Refreshing native plugins compatible for Editor in 0.44 ms, found 3 plugins.
Preloading 0 native plugins for Editor in 0.00 ms.
Mono: successfully reloaded assembly
- Completed reload, in  0.984 seconds
Platform modules already initialized, skipping
Refreshing native plugins compatible for Editor in 0.77 ms, found 3 plugins.
Preloading 0 native plugins for Editor in 0.00 ms.
Unloading 2086 Unused Serialized files (Serialized files now loaded: 0)
System memory in use before: 96.3 MB.
System memory in use after: 96.3 MB.

Unloading 21 unused Assets to reduce memory usage. Loaded Objects now: 2646.
Total: 2.200800 ms (FindLiveObjects: 0.238500 ms CreateObjectMapping: 0.077000 ms MarkObjects: 1.733800 ms  DeleteObjects: 0.150300 ms)

========================================================================
Received Prepare
Registering precompiled user dll's ...
Registered in 0.003161 seconds.
Begin MonoManager ReloadAssembly
Native extension for WindowsStandalone target not found
Refreshing native plugins compatible for Editor in 0.41 ms, found 3 plugins.
Preloading 0 native plugins for Editor in 0.00 ms.
Mono: successfully reloaded assembly
- Completed reload, in  0.898 seconds
Platform modules already initialized, skipping
Refreshing native plugins compatible for Editor in 0.45 ms, found 3 plugins.
Preloading 0 native plugins for Editor in 0.00 ms.
Unloading 2086 Unused Serialized files (Serialized files now loaded: 0)
System memory in use before: 96.3 MB.
System memory in use after: 96.3 MB.

Unloading 21 unused Assets to reduce memory usage. Loaded Objects now: 2650.
Total: 2.365300 ms (FindLiveObjects: 0.214200 ms CreateObjectMapping: 0.073200 ms MarkObjects: 1.971200 ms  DeleteObjects: 0.106000 ms)

========================================================================
Received Prepare
Registering precompiled user dll's ...
Registered in 0.003168 seconds.
Begin MonoManager ReloadAssembly
Native extension for WindowsStandalone target not found
Refreshing native plugins compatible for Editor in 0.42 ms, found 3 plugins.
Preloading 0 native plugins for Editor in 0.00 ms.
Mono: successfully reloaded assembly
- Completed reload, in  0.982 seconds
Platform modules already initialized, skipping
Refreshing native plugins compatible for Editor in 0.46 ms, found 3 plugins.
Preloading 0 native plugins for Editor in 0.00 ms.
Unloading 2086 Unused Serialized files (Serialized files now loaded: 0)
System memory in use before: 96.3 MB.
System memory in use after: 96.3 MB.

Unloading 21 unused Assets to reduce memory usage. Loaded Objects now: 2654.
Total: 2.237500 ms (FindLiveObjects: 0.235700 ms CreateObjectMapping: 0.071400 ms MarkObjects: 1.803200 ms  DeleteObjects: 0.126400 ms)

========================================================================
Received Prepare
Registering precompiled user dll's ...
Registered in 0.005320 seconds.
Begin MonoManager ReloadAssembly
Native extension for WindowsStandalone target not found
Refreshing native plugins compatible for Editor in 0.42 ms, found 3 plugins.
Preloading 0 native plugins for Editor in 0.00 ms.
Mono: successfully reloaded assembly
- Completed reload, in  0.899 seconds
Platform modules already initialized, skipping
Refreshing native plugins compatible for Editor in 0.43 ms, found 3 plugins.
Preloading 0 native plugins for Editor in 0.00 ms.
Unloading 2086 Unused Serialized files (Serialized files now loaded: 0)
System memory in use before: 96.3 MB.
System memory in use after: 96.3 MB.

Unloading 21 unused Assets to reduce memory usage. Loaded Objects now: 2658.
Total: 1.993500 ms (FindLiveObjects: 0.193100 ms CreateObjectMapping: 0.068700 ms MarkObjects: 1.645800 ms  DeleteObjects: 0.085100 ms)

========================================================================
Received Prepare
Registering precompiled user dll's ...
Registered in 0.005258 seconds.
Begin MonoManager ReloadAssembly
Native extension for WindowsStandalone target not found
Refreshing native plugins compatible for Editor in 0.44 ms, found 3 plugins.
Preloading 0 native plugins for Editor in 0.00 ms.
Mono: successfully reloaded assembly
- Completed reload, in  0.920 seconds
Platform modules already initialized, skipping
Refreshing native plugins compatible for Editor in 0.59 ms, found 3 plugins.
Preloading 0 native plugins for Editor in 0.00 ms.
Unloading 2086 Unused Serialized files (Serialized files now loaded: 0)
System memory in use before: 96.4 MB.
System memory in use after: 96.3 MB.

Unloading 21 unused Assets to reduce memory usage. Loaded Objects now: 2662.
Total: 2.441400 ms (FindLiveObjects: 0.216300 ms CreateObjectMapping: 0.069100 ms MarkObjects: 2.053300 ms  DeleteObjects: 0.102000 ms)

========================================================================
Received Import Request.
  Time since last request: 1017.099064 seconds.
  path: Assets/Animation/headOctopus_4.controller
  artifactKey: Guid(2cc305627d29d0b418ab8fe4e5ffa7d6) Importer(815301076,1909f56bfc062723c751e8b465ee728b)
Start importing Assets/Animation/headOctopus_4.controller using Guid(2cc305627d29d0b418ab8fe4e5ffa7d6) Importer(815301076,1909f56bfc062723c751e8b465ee728b)  -> (artifact id: '14c7d3bf25defee6cc67c09f621b5c88') in 0.041294 seconds
  Import took 0.044526 seconds .

========================================================================
Received Import Request.
  Time since last request: 12.678375 seconds.
  path: Assets/Animation/headOctopus_4.controller
  artifactKey: Guid(2cc305627d29d0b418ab8fe4e5ffa7d6) Importer(815301076,1909f56bfc062723c751e8b465ee728b)
Start importing Assets/Animation/headOctopus_4.controller using Guid(2cc305627d29d0b418ab8fe4e5ffa7d6) Importer(815301076,1909f56bfc062723c751e8b465ee728b)  -> (artifact id: '81ddbebdd076178b69677bb7d2c6e070') in 0.004756 seconds
  Import took 0.008853 seconds .

========================================================================
Received Prepare
Registering precompiled user dll's ...
Registered in 0.003139 seconds.
Begin MonoManager ReloadAssembly
Native extension for WindowsStandalone target not found
Refreshing native plugins compatible for Editor in 0.42 ms, found 3 plugins.
Preloading 0 native plugins for Editor in 0.00 ms.
Mono: successfully reloaded assembly
- Completed reload, in  0.932 seconds
Platform modules already initialized, skipping
Refreshing native plugins compatible for Editor in 0.45 ms, found 3 plugins.
Preloading 0 native plugins for Editor in 0.00 ms.
Unloading 2086 Unused Serialized files (Serialized files now loaded: 0)
System memory in use before: 96.4 MB.
System memory in use after: 96.3 MB.

Unloading 21 unused Assets to reduce memory usage. Loaded Objects now: 2666.
Total: 2.671200 ms (FindLiveObjects: 0.248700 ms CreateObjectMapping: 0.143100 ms MarkObjects: 2.186600 ms  DeleteObjects: 0.091800 ms)

========================================================================
Received Import Request.
  Time since last request: 38.974690 seconds.
  path: Assets/Animation/headOctopus_4.controller
  artifactKey: Guid(2cc305627d29d0b418ab8fe4e5ffa7d6) Importer(815301076,1909f56bfc062723c751e8b465ee728b)
Start importing Assets/Animation/headOctopus_4.controller using Guid(2cc305627d29d0b418ab8fe4e5ffa7d6) Importer(815301076,1909f56bfc062723c751e8b465ee728b)  -> (artifact id: 'edf70b00e308b2fdd537d7330c656a9c') in 0.018061 seconds
  Import took 0.023016 seconds .

========================================================================
Received Prepare
Registering precompiled user dll's ...
Registered in 0.003351 seconds.
Begin MonoManager ReloadAssembly
Native extension for WindowsStandalone target not found
Refreshing native plugins compatible for Editor in 0.47 ms, found 3 plugins.
Preloading 0 native plugins for Editor in 0.00 ms.
Mono: successfully reloaded assembly
- Completed reload, in  1.083 seconds
Platform modules already initialized, skipping
Refreshing native plugins compatible for Editor in 0.46 ms, found 3 plugins.
Preloading 0 native plugins for Editor in 0.00 ms.
Unloading 2086 Unused Serialized files (Serialized files now loaded: 0)
System memory in use before: 96.4 MB.
System memory in use after: 96.4 MB.

Unloading 21 unused Assets to reduce memory usage. Loaded Objects now: 2670.
Total: 2.878300 ms (FindLiveObjects: 0.208100 ms CreateObjectMapping: 0.065700 ms MarkObjects: 2.460200 ms  DeleteObjects: 0.143200 ms)

========================================================================
Received Prepare
Registering precompiled user dll's ...
Registered in 0.002982 seconds.
Begin MonoManager ReloadAssembly
Native extension for WindowsStandalone target not found
Refreshing native plugins compatible for Editor in 0.46 ms, found 3 plugins.
Preloading 0 native plugins for Editor in 0.00 ms.
Mono: successfully reloaded assembly
- Completed reload, in  0.920 seconds
Platform modules already initialized, skipping
Refreshing native plugins compatible for Editor in 0.77 ms, found 3 plugins.
Preloading 0 native plugins for Editor in 0.00 ms.
Unloading 2086 Unused Serialized files (Serialized files now loaded: 0)
System memory in use before: 96.4 MB.
System memory in use after: 96.4 MB.

Unloading 21 unused Assets to reduce memory usage. Loaded Objects now: 2674.
Total: 2.434300 ms (FindLiveObjects: 0.244700 ms CreateObjectMapping: 0.069500 ms MarkObjects: 2.022000 ms  DeleteObjects: 0.097000 ms)

========================================================================
Received Import Request.
  Time since last request: 683.441662 seconds.
  path: Assets/Animation/headOctopus_4.controller
  artifactKey: Guid(2cc305627d29d0b418ab8fe4e5ffa7d6) Importer(815301076,1909f56bfc062723c751e8b465ee728b)
Start importing Assets/Animation/headOctopus_4.controller using Guid(2cc305627d29d0b418ab8fe4e5ffa7d6) Importer(815301076,1909f56bfc062723c751e8b465ee728b)  -> (artifact id: '4cabb52e20f83ce4c52735f6c70e55eb') in 0.014143 seconds
  Import took 0.017816 seconds .

========================================================================
Received Import Request.
  Time since last request: 0.008264 seconds.
  path: Assets/Animation/headOctopus_4.controller
  artifactKey: Guid(2cc305627d29d0b418ab8fe4e5ffa7d6) Importer(815301076,1909f56bfc062723c751e8b465ee728b)
Start importing Assets/Animation/headOctopus_4.controller using Guid(2cc305627d29d0b418ab8fe4e5ffa7d6) Importer(815301076,1909f56bfc062723c751e8b465ee728b)  -> (artifact id: '4cabb52e20f83ce4c52735f6c70e55eb') in 0.004900 seconds
  Import took 0.008523 seconds .

========================================================================
Received Prepare
Registering precompiled user dll's ...
Registered in 0.003390 seconds.
Begin MonoManager ReloadAssembly
Native extension for WindowsStandalone target not found
Refreshing native plugins compatible for Editor in 0.41 ms, found 3 plugins.
Preloading 0 native plugins for Editor in 0.00 ms.
Mono: successfully reloaded assembly
- Completed reload, in  0.931 seconds
Platform modules already initialized, skipping
Refreshing native plugins compatible for Editor in 0.80 ms, found 3 plugins.
Preloading 0 native plugins for Editor in 0.00 ms.
Unloading 2086 Unused Serialized files (Serialized files now loaded: 0)
System memory in use before: 96.4 MB.
System memory in use after: 96.4 MB.

Unloading 21 unused Assets to reduce memory usage. Loaded Objects now: 2678.
Total: 2.279400 ms (FindLiveObjects: 0.207100 ms CreateObjectMapping: 0.075400 ms MarkObjects: 1.891800 ms  DeleteObjects: 0.104300 ms)

========================================================================
Received Import Request.
  Time since last request: 541.888449 seconds.
  path: Assets/Prefabs
  artifactKey: Guid(2cac240b353f505459dce08c71931bfc) Importer(815301076,1909f56bfc062723c751e8b465ee728b)
Start importing Assets/Prefabs using Guid(2cac240b353f505459dce08c71931bfc) Importer(815301076,1909f56bfc062723c751e8b465ee728b)  -> (artifact id: 'db4255ea371079414ccbd8add67f038d') in 0.013996 seconds
  Import took 0.019133 seconds .

========================================================================
Received Import Request.
  Time since last request: 2.539070 seconds.
  path: Assets/Prefabs/ScoreCounter.prefab
  artifactKey: Guid(4e18a667c55018e4093061b920962579) Importer(815301076,1909f56bfc062723c751e8b465ee728b)
Start importing Assets/Prefabs/ScoreCounter.prefab using Guid(4e18a667c55018e4093061b920962579) Importer(815301076,1909f56bfc062723c751e8b465ee728b)  -> (artifact id: '13cd27c549d81b004ec8bfa42404e8bf') in 0.053900 seconds
  Import took 0.058760 seconds .

========================================================================
Received Import Request.
  Time since last request: 4.648495 seconds.
  path: Assets/Prefabs/Player.prefab
  artifactKey: Guid(8126d1e7627bde34ebe3cb5c725ac0f8) Importer(815301076,1909f56bfc062723c751e8b465ee728b)
Start importing Assets/Prefabs/Player.prefab using Guid(8126d1e7627bde34ebe3cb5c725ac0f8) Importer(815301076,1909f56bfc062723c751e8b465ee728b)  -> (artifact id: 'a3efb253e071ea7b002ffec2617a2fb7') in 0.055211 seconds
  Import took 0.060088 seconds .

========================================================================
Received Import Request.
  Time since last request: 514.447360 seconds.
  path: Assets/Scripts/Game/TabletsGenerator.cs
  artifactKey: Guid(29b7df50de89fa74ba45202346ba529f) Importer(815301076,1909f56bfc062723c751e8b465ee728b)
Start importing Assets/Scripts/Game/TabletsGenerator.cs using Guid(29b7df50de89fa74ba45202346ba529f) Importer(815301076,1909f56bfc062723c751e8b465ee728b)  -> (artifact id: '6d08d6a81a736f16e6b230b9d301713b') in 0.010572 seconds
  Import took 0.015509 seconds .

========================================================================
Received Prepare
Registering precompiled user dll's ...
Registered in 0.002856 seconds.
Begin MonoManager ReloadAssembly
Native extension for WindowsStandalone target not found
Refreshing native plugins compatible for Editor in 0.42 ms, found 3 plugins.
Preloading 0 native plugins for Editor in 0.00 ms.
Mono: successfully reloaded assembly
- Completed reload, in  0.982 seconds
Platform modules already initialized, skipping
Refreshing native plugins compatible for Editor in 0.46 ms, found 3 plugins.
Preloading 0 native plugins for Editor in 0.00 ms.
Unloading 2087 Unused Serialized files (Serialized files now loaded: 0)
System memory in use before: 96.5 MB.
System memory in use after: 96.5 MB.

Unloading 21 unused Assets to reduce memory usage. Loaded Objects now: 2690.
Total: 2.099900 ms (FindLiveObjects: 0.227900 ms CreateObjectMapping: 0.081800 ms MarkObjects: 1.641500 ms  DeleteObjects: 0.147700 ms)

========================================================================
Received Import Request.
  Time since last request: 34.500444 seconds.
  path: Assets/Prefabs/Tablets.prefab
  artifactKey: Guid(df9792c4e124e2c458e03ffd8c24b869) Importer(815301076,1909f56bfc062723c751e8b465ee728b)
Start importing Assets/Prefabs/Tablets.prefab using Guid(df9792c4e124e2c458e03ffd8c24b869) Importer(815301076,1909f56bfc062723c751e8b465ee728b)  -> (artifact id: 'd002f777d76bbbe5618d0a1c6dcda2b6') in 0.068169 seconds
  Import took 0.072486 seconds .

========================================================================
Received Import Request.
  Time since last request: 8.120929 seconds.
  path: Assets/Prefabs/Tablets.prefab
  artifactKey: Guid(df9792c4e124e2c458e03ffd8c24b869) Importer(815301076,1909f56bfc062723c751e8b465ee728b)
Start importing Assets/Prefabs/Tablets.prefab using Guid(df9792c4e124e2c458e03ffd8c24b869) Importer(815301076,1909f56bfc062723c751e8b465ee728b)  -> (artifact id: '532a9252f95ff6d1d7c6a2a800c76246') in 0.014701 seconds
  Import took 0.018795 seconds .

========================================================================
Received Import Request.
  Time since last request: 32.932263 seconds.
  path: Assets/Prefabs/Tablets.prefab
  artifactKey: Guid(df9792c4e124e2c458e03ffd8c24b869) Importer(815301076,1909f56bfc062723c751e8b465ee728b)
Start importing Assets/Prefabs/Tablets.prefab using Guid(df9792c4e124e2c458e03ffd8c24b869) Importer(815301076,1909f56bfc062723c751e8b465ee728b)  -> (artifact id: '8233de211ca20159117a8a04af666ccf') in 0.013502 seconds
  Import took 0.016895 seconds .

========================================================================
Received Prepare
Registering precompiled user dll's ...
Registered in 0.003696 seconds.
Begin MonoManager ReloadAssembly
Native extension for WindowsStandalone target not found
Refreshing native plugins compatible for Editor in 0.42 ms, found 3 plugins.
Preloading 0 native plugins for Editor in 0.00 ms.
Mono: successfully reloaded assembly
- Completed reload, in  0.967 seconds
Platform modules already initialized, skipping
Refreshing native plugins compatible for Editor in 0.41 ms, found 3 plugins.
Preloading 0 native plugins for Editor in 0.00 ms.
Unloading 2087 Unused Serialized files (Serialized files now loaded: 0)
System memory in use before: 96.5 MB.
System memory in use after: 96.5 MB.

Unloading 21 unused Assets to reduce memory usage. Loaded Objects now: 2695.
Total: 1.981100 ms (FindLiveObjects: 0.183000 ms CreateObjectMapping: 0.061700 ms MarkObjects: 1.646900 ms  DeleteObjects: 0.088600 ms)

========================================================================
Received Prepare
Registering precompiled user dll's ...
Registered in 0.004189 seconds.
Begin MonoManager ReloadAssembly
Native extension for WindowsStandalone target not found
Refreshing native plugins compatible for Editor in 0.49 ms, found 3 plugins.
Preloading 0 native plugins for Editor in 0.00 ms.
Mono: successfully reloaded assembly
- Completed reload, in  1.022 seconds
Platform modules already initialized, skipping
Refreshing native plugins compatible for Editor in 0.43 ms, found 3 plugins.
Preloading 0 native plugins for Editor in 0.00 ms.
Unloading 2087 Unused Serialized files (Serialized files now loaded: 0)
System memory in use before: 96.5 MB.
System memory in use after: 96.5 MB.

Unloading 21 unused Assets to reduce memory usage. Loaded Objects now: 2699.
Total: 2.061800 ms (FindLiveObjects: 0.204800 ms CreateObjectMapping: 0.078300 ms MarkObjects: 1.632800 ms  DeleteObjects: 0.145200 ms)

========================================================================
Received Prepare
Registering precompiled user dll's ...
Registered in 0.003277 seconds.
Begin MonoManager ReloadAssembly
Native extension for WindowsStandalone target not found
Refreshing native plugins compatible for Editor in 0.41 ms, found 3 plugins.
Preloading 0 native plugins for Editor in 0.00 ms.
Mono: successfully reloaded assembly
- Completed reload, in  0.945 seconds
Platform modules already initialized, skipping
Refreshing native plugins compatible for Editor in 0.51 ms, found 3 plugins.
Preloading 0 native plugins for Editor in 0.00 ms.
Unloading 2087 Unused Serialized files (Serialized files now loaded: 0)
System memory in use before: 96.6 MB.
System memory in use after: 96.5 MB.

Unloading 21 unused Assets to reduce memory usage. Loaded Objects now: 2703.
Total: 2.310800 ms (FindLiveObjects: 0.219700 ms CreateObjectMapping: 0.081400 ms MarkObjects: 1.915800 ms  DeleteObjects: 0.093200 ms)

========================================================================
Received Prepare
Registering precompiled user dll's ...
Registered in 0.002962 seconds.
Begin MonoManager ReloadAssembly
Native extension for WindowsStandalone target not found
Refreshing native plugins compatible for Editor in 0.44 ms, found 3 plugins.
Preloading 0 native plugins for Editor in 0.00 ms.
Mono: successfully reloaded assembly
- Completed reload, in  1.007 seconds
Platform modules already initialized, skipping
Refreshing native plugins compatible for Editor in 0.52 ms, found 3 plugins.
Preloading 0 native plugins for Editor in 0.00 ms.
Unloading 2087 Unused Serialized files (Serialized files now loaded: 0)
System memory in use before: 96.6 MB.
System memory in use after: 96.5 MB.

Unloading 21 unused Assets to reduce memory usage. Loaded Objects now: 2707.
Total: 2.628800 ms (FindLiveObjects: 0.604100 ms CreateObjectMapping: 0.076500 ms MarkObjects: 1.827100 ms  DeleteObjects: 0.116700 ms)

========================================================================
Received Prepare
Registering precompiled user dll's ...
Registered in 0.003034 seconds.
Begin MonoManager ReloadAssembly
Native extension for WindowsStandalone target not found
Refreshing native plugins compatible for Editor in 0.47 ms, found 3 plugins.
Preloading 0 native plugins for Editor in 0.00 ms.
Mono: successfully reloaded assembly
- Completed reload, in  0.968 seconds
Platform modules already initialized, skipping
Refreshing native plugins compatible for Editor in 1.03 ms, found 3 plugins.
Preloading 0 native plugins for Editor in 0.00 ms.
Unloading 2087 Unused Serialized files (Serialized files now loaded: 0)
System memory in use before: 96.7 MB.
System memory in use after: 96.7 MB.

Unloading 21 unused Assets to reduce memory usage. Loaded Objects now: 2711.
Total: 2.828900 ms (FindLiveObjects: 0.600500 ms CreateObjectMapping: 0.308600 ms MarkObjects: 1.819000 ms  DeleteObjects: 0.099200 ms)

========================================================================
Received Prepare
Registering precompiled user dll's ...
Registered in 0.009624 seconds.
Begin MonoManager ReloadAssembly
Native extension for WindowsStandalone target not found
Refreshing native plugins compatible for Editor in 0.50 ms, found 3 plugins.
Preloading 0 native plugins for Editor in 0.00 ms.
[ScriptCompilation] NOT recompiling all scripts because this is an import worker process. Reason to compile was: Define symbols changed
[ScriptCompilation] NOT recompiling all scripts because this is an import worker process. Reason to compile was: Define symbols changed
Odin's validation config asset could not be loaded during batch mode or headless run of the Unity Editor. No validation has taken place, whether it was configured to do so or not.
UnityEngine.StackTraceUtility:ExtractStackTrace ()
UnityEngine.DebugLogHandler:LogFormat (UnityEngine.LogType,UnityEngine.Object,string,object[])
UnityEngine.Logger:Log (UnityEngine.LogType,object)
UnityEngine.Debug:LogError (object)
Sirenix.OdinValidator.Editor.OdinValidationConfig:InitHooks () (at Assets/Plugins/Sirenix/Odin Validator/Editor/Scripts/Profiles/OdinValidationConfig.cs:40)

(Filename: Assets/Plugins/Sirenix/Odin Validator/Editor/Scripts/Profiles/OdinValidationConfig.cs Line: 40)

[ScriptCompilation] NOT recompiling all scripts because this is an import worker process. Reason to compile was: Define symbols changed
Mono: successfully reloaded assembly
- Completed reload, in  1.567 seconds
Platform modules already initialized, skipping
Refreshing native plugins compatible for Editor in 0.69 ms, found 3 plugins.
Preloading 0 native plugins for Editor in 0.00 ms.
Unloading 2127 Unused Serialized files (Serialized files now loaded: 0)
System memory in use before: 119.1 MB.
System memory in use after: 119.2 MB.

Unloading 27 unused Assets to reduce memory usage. Loaded Objects now: 2794.
Total: 22.129200 ms (FindLiveObjects: 0.316400 ms CreateObjectMapping: 0.110300 ms MarkObjects: 21.563800 ms  DeleteObjects: 0.136900 ms)

========================================================================
Received Prepare
Registering precompiled user dll's ...
Registered in 0.005703 seconds.
Begin MonoManager ReloadAssembly
Native extension for WindowsStandalone target not found
Refreshing native plugins compatible for Editor in 0.45 ms, found 3 plugins.
Preloading 0 native plugins for Editor in 0.00 ms.
Mono: successfully reloaded assembly
- Completed reload, in  1.600 seconds
Platform modules already initialized, skipping
Refreshing native plugins compatible for Editor in 0.49 ms, found 3 plugins.
Preloading 0 native plugins for Editor in 0.00 ms.
Unloading 2129 Unused Serialized files (Serialized files now loaded: 0)
System memory in use before: 109.8 MB.
System memory in use after: 109.9 MB.

Unloading 27 unused Assets to reduce memory usage. Loaded Objects now: 2805.
Total: 22.947900 ms (FindLiveObjects: 0.301200 ms CreateObjectMapping: 0.107100 ms MarkObjects: 22.420300 ms  DeleteObjects: 0.117800 ms)

========================================================================
Received Prepare
Registering precompiled user dll's ...
Registered in 0.005997 seconds.
Begin MonoManager ReloadAssembly
Native extension for WindowsStandalone target not found
Refreshing native plugins compatible for Editor in 0.46 ms, found 3 plugins.
Preloading 0 native plugins for Editor in 0.00 ms.
Mono: successfully reloaded assembly
- Completed reload, in  1.919 seconds
Platform modules already initialized, skipping
Refreshing native plugins compatible for Editor in 1.03 ms, found 3 plugins.
Preloading 0 native plugins for Editor in 0.00 ms.
Unloading 2127 Unused Serialized files (Serialized files now loaded: 0)
System memory in use before: 109.7 MB.
System memory in use after: 109.8 MB.

Unloading 27 unused Assets to reduce memory usage. Loaded Objects now: 2809.
Total: 24.561600 ms (FindLiveObjects: 0.278300 ms CreateObjectMapping: 0.104900 ms MarkObjects: 24.022200 ms  DeleteObjects: 0.154900 ms)

========================================================================
Received Prepare
Registering precompiled user dll's ...
Registered in 0.005461 seconds.
Begin MonoManager ReloadAssembly
Native extension for WindowsStandalone target not found
Refreshing native plugins compatible for Editor in 0.57 ms, found 3 plugins.
Preloading 0 native plugins for Editor in 0.00 ms.
Mono: successfully reloaded assembly
- Completed reload, in  1.478 seconds
Platform modules already initialized, skipping
Refreshing native plugins compatible for Editor in 0.47 ms, found 3 plugins.
Preloading 0 native plugins for Editor in 0.00 ms.
Unloading 2127 Unused Serialized files (Serialized files now loaded: 0)
System memory in use before: 109.8 MB.
System memory in use after: 109.8 MB.

Unloading 27 unused Assets to reduce memory usage. Loaded Objects now: 2813.
Total: 19.809500 ms (FindLiveObjects: 0.225400 ms CreateObjectMapping: 0.086900 ms MarkObjects: 19.385300 ms  DeleteObjects: 0.110600 ms)

========================================================================
Received Prepare
Registering precompiled user dll's ...
Registered in 0.004886 seconds.
Begin MonoManager ReloadAssembly
Native extension for WindowsStandalone target not found
Refreshing native plugins compatible for Editor in 0.52 ms, found 3 plugins.
Preloading 0 native plugins for Editor in 0.00 ms.
Mono: successfully reloaded assembly
- Completed reload, in  1.616 seconds
Platform modules already initialized, skipping
Refreshing native plugins compatible for Editor in 0.68 ms, found 3 plugins.
Preloading 0 native plugins for Editor in 0.00 ms.
Unloading 2127 Unused Serialized files (Serialized files now loaded: 0)
System memory in use before: 109.8 MB.
System memory in use after: 109.8 MB.

Unloading 27 unused Assets to reduce memory usage. Loaded Objects now: 2817.
Total: 23.970200 ms (FindLiveObjects: 0.259000 ms CreateObjectMapping: 0.085200 ms MarkObjects: 23.355600 ms  DeleteObjects: 0.268600 ms)

========================================================================
Received Prepare
Registering precompiled user dll's ...
Registered in 0.165576 seconds.
Begin MonoManager ReloadAssembly
Native extension for WindowsStandalone target not found
Refreshing native plugins compatible for Editor in 0.46 ms, found 3 plugins.
Preloading 0 native plugins for Editor in 0.00 ms.
Mono: successfully reloaded assembly
- Completed reload, in  1.353 seconds
Platform modules already initialized, skipping
Refreshing native plugins compatible for Editor in 0.58 ms, found 3 plugins.
Preloading 0 native plugins for Editor in 0.00 ms.
Unloading 2127 Unused Serialized files (Serialized files now loaded: 0)
System memory in use before: 109.9 MB.
System memory in use after: 109.9 MB.

Unloading 27 unused Assets to reduce memory usage. Loaded Objects now: 2821.
Total: 20.424400 ms (FindLiveObjects: 0.236000 ms CreateObjectMapping: 0.082900 ms MarkObjects: 19.990600 ms  DeleteObjects: 0.113400 ms)

========================================================================
Received Prepare
Registering precompiled user dll's ...
Registered in 0.006804 seconds.
Begin MonoManager ReloadAssembly
Native extension for WindowsStandalone target not found
Refreshing native plugins compatible for Editor in 0.45 ms, found 3 plugins.
Preloading 0 native plugins for Editor in 0.00 ms.
Mono: successfully reloaded assembly
- Completed reload, in  1.375 seconds
Platform modules already initialized, skipping
Refreshing native plugins compatible for Editor in 0.45 ms, found 3 plugins.
Preloading 0 native plugins for Editor in 0.00 ms.
Unloading 2127 Unused Serialized files (Serialized files now loaded: 0)
System memory in use before: 109.9 MB.
System memory in use after: 110.0 MB.

Unloading 27 unused Assets to reduce memory usage. Loaded Objects now: 2825.
Total: 21.250300 ms (FindLiveObjects: 0.234100 ms CreateObjectMapping: 0.162400 ms MarkObjects: 20.738600 ms  DeleteObjects: 0.114000 ms)

========================================================================
Received Prepare
Registering precompiled user dll's ...
Registered in 0.006388 seconds.
Begin MonoManager ReloadAssembly
Native extension for WindowsStandalone target not found
Refreshing native plugins compatible for Editor in 0.55 ms, found 3 plugins.
Preloading 0 native plugins for Editor in 0.00 ms.
Mono: successfully reloaded assembly
- Completed reload, in  1.403 seconds
Platform modules already initialized, skipping
Refreshing native plugins compatible for Editor in 0.50 ms, found 3 plugins.
Preloading 0 native plugins for Editor in 0.00 ms.
Unloading 2127 Unused Serialized files (Serialized files now loaded: 0)
System memory in use before: 109.9 MB.
System memory in use after: 110.0 MB.

Unloading 27 unused Assets to reduce memory usage. Loaded Objects now: 2829.
Total: 21.342500 ms (FindLiveObjects: 0.237000 ms CreateObjectMapping: 0.083000 ms MarkObjects: 20.765400 ms  DeleteObjects: 0.255400 ms)

========================================================================
Received Import Request.
  Time since last request: 3234.585578 seconds.
  path: Assets/Prefabs/TabletsGenerator.prefab
  artifactKey: Guid(7efa6f01b122a2c4d83fb24f6770fef6) Importer(815301076,1909f56bfc062723c751e8b465ee728b)
Start importing Assets/Prefabs/TabletsGenerator.prefab using Guid(7efa6f01b122a2c4d83fb24f6770fef6) Importer(815301076,1909f56bfc062723c751e8b465ee728b)  -> (artifact id: 'b4eba1eb45e48e845762229b84a37242') in 0.080159 seconds
  Import took 0.086618 seconds .

AssetImportWorkerClient::OnTransportError - code=2 error=End of file
